\BOOKMARK [1][]{section.1}{\376\377\116\000\060\001\000\040\225\356\230\230\221\315\217\360}{}% 1
\BOOKMARK [2][]{subsection.1.1}{\376\377\0001\000.\0001\000\040\225\356\230\230\200\314\146\157}{section.1}% 2
\BOOKMARK [2][]{subsection.1.2}{\376\377\0001\000.\0002\000\040\225\356\230\230\221\315\217\360}{section.1}% 3
\BOOKMARK [1][]{section.2}{\376\377\116\214\060\001\000\040\152\041\127\213\120\107\213\276}{}% 4
\BOOKMARK [1][]{section.3}{\376\377\116\011\060\001\000\040\173\046\123\367\213\364\146\016}{}% 5
\BOOKMARK [1][]{section.4}{\376\377\126\333\060\001\000\040\225\356\230\230\122\006\147\220}{}% 6
\BOOKMARK [2][]{subsection.4.1}{\376\377\0004\000.\0001\000\040\225\356\230\230\116\000\122\006\147\220}{section.4}% 7
\BOOKMARK [2][]{subsection.4.2}{\376\377\0004\000.\0002\000\040\225\356\230\230\116\214\122\006\147\220}{section.4}% 8
\BOOKMARK [2][]{subsection.4.3}{\376\377\0004\000.\0003\000\040\225\356\230\230\116\011\122\006\147\220}{section.4}% 9
\BOOKMARK [2][]{subsection.4.4}{\376\377\0004\000.\0004\000\040\225\356\230\230\126\333\122\006\147\220}{section.4}% 10
\BOOKMARK [1][]{section.5}{\376\377\116\224\060\001\000\040\225\356\230\230\116\000\154\102\211\343}{}% 11
\BOOKMARK [1][]{section.6}{\376\377\121\155\060\001\000\040\225\356\230\230\116\214\152\041\127\213\136\372\172\313\124\214\154\102\211\343}{}% 12
\BOOKMARK [2][]{subsection.6.1}{\376\377\0006\000.\0001\000\040\000K\000e\000n\000d\000a\000l\000l\166\370\121\163\140\047\122\006\147\220}{section.6}% 13
\BOOKMARK [1][]{section.7}{\376\377\116\003\060\001\000\040\225\356\230\230\116\011\152\041\127\213\136\372\172\313\116\016\154\102\211\343}{}% 14
\BOOKMARK [2][]{subsection.7.1}{\376\377\0007\000.\0001\000\040\000A\000N\000O\000V\000A\116\313\176\315}{section.7}% 15
\BOOKMARK [2][]{subsection.7.2}{\376\377\0007\000.\0002\000\040\225\356\230\230\116\011\154\102\211\343}{section.7}% 16
\BOOKMARK [1][]{section.8}{\376\377\121\153\060\001\000\040\225\356\230\230\126\333\152\041\127\213\136\372\172\313\116\016\154\102\211\343}{}% 17
\BOOKMARK [2][]{subsection.8.1}{\376\377\0008\000.\0001\000\040\226\217\147\072\150\356\147\227\173\227\154\325}{section.8}% 18
\BOOKMARK [1][]{section*.10}{\376\377\123\302\200\003\145\207\163\056}{}% 19
\BOOKMARK [1][]{appendix.a.A}{\376\377\226\104\137\125\000\040\000A\000\040\173\054\116\000\225\356\000M\000A\000T\000L\000A\000B\116\343\170\001}{}% 20
\BOOKMARK [1][]{appendix.a.B}{\376\377\226\104\137\125\000\040\000B\000\040\173\054\116\000\225\356\000P\000Y\000T\000H\000O\000N\116\343\170\001}{}% 21
\BOOKMARK [1][]{appendix.a.C}{\376\377\226\104\137\125\000\040\000C\000\040\173\054\116\011\225\356\000M\000A\000T\000L\000A\000B\116\343\170\001}{}% 22
